<?xml version="1.0" encoding="UTF-8"?>
<!-- Generated by org.testng.reporters.JUnitXMLReporter -->
<testsuite ignored="0" hostname="LAPTOP-ORI8JR52" failures="0" tests="3" name="Free CRM App Test Cases" time="64.119" errors="0" timestamp="03 Feb 2020 17:15:30 GMT">
  <testcase classname="com.guru99Bank.qa.testcase.LoginPageTest" name="verifyUserLoginSuccessfully" time="0.04"/>
  <testcase classname="com.guru99Bank.qa.testcase.HomePageTest" name="verifyWelcomePage" time="0.22"/>
  <testcase classname="com.guru99Bank.qa.testcase.HomePageTest" name="verifyManagerId" time="0.224"/>
</testsuite> <!-- Free CRM App Test Cases -->
