<?xml version="1.0" encoding="UTF-8"?>
<!-- Generated by org.testng.reporters.JUnitXMLReporter -->
<testsuite ignored="0" hostname="LAPTOP-ORI8JR52" failures="0" tests="3" name="Free CRM App Test Cases" time="49.132" errors="0" timestamp="19 Jan 2020 11:04:14 GMT">
  <testcase classname="com.guru99Bank.qa.testcase.LoginPageTest" name="verifyUserLoginSuccessfully" time="0.035"/>
  <testcase classname="com.guru99Bank.qa.testcase.HomePageTest" name="verifyWelcomePage" time="0.05"/>
  <testcase classname="com.guru99Bank.qa.testcase.HomePageTest" name="verifyManagerId" time="0.054"/>
</testsuite> <!-- Free CRM App Test Cases -->
