<?xml version="1.0" encoding="UTF-8"?>
<!-- Generated by org.testng.reporters.JUnitXMLReporter -->
<testsuite ignored="3" hostname="LAPTOP-ORI8JR52" failures="0" tests="1" name="Default test" time="17.833" errors="0" timestamp="22 Jan 2020 17:00:23 GMT">
  <testcase classname="com.guru99Bank.qa.testcase.NewCostumerTest" name="verifyCostumerNameFieldLength" time="0.292"/>
  <testcase classname="com.guru99Bank.qa.testcase.NewCostumerTest" name="verifyCostumerNameFieldByEnteringSpecialCharacter" time="0.0">
    <ignored/>
  </testcase> <!-- verifyCostumerNameFieldByEnteringSpecialCharacter -->
  <testcase classname="com.guru99Bank.qa.testcase.NewCostumerTest" name="verifyCostumerNameFieldByEnteringSpace" time="0.0">
    <ignored/>
  </testcase> <!-- verifyCostumerNameFieldByEnteringSpace -->
  <testcase classname="com.guru99Bank.qa.testcase.NewCostumerTest" name="verifyCostumerNameFieldByEnteringNumber" time="0.0">
    <ignored/>
  </testcase> <!-- verifyCostumerNameFieldByEnteringNumber -->
</testsuite> <!-- Default test -->
