<?xml version="1.0" encoding="UTF-8"?>
<!-- Generated by org.testng.reporters.JUnitXMLReporter -->
<testsuite hostname="LAPTOP-ORI8JR52" ignored="0" name="GURU99BANK TESTCASES" tests="3" failures="0" timestamp="2020-02-08T23:22:22 IST" time="65.452" errors="0">
  <testcase name="verifyUserLoginSuccessfully" time="0.046" classname="com.guru99Bank.qa.testcase.LoginPageTest"/>
  <testcase name="verifyWelcomePage" time="0.2" classname="com.guru99Bank.qa.testcase.HomePageTest"/>
  <testcase name="verifyManagerId" time="0.253" classname="com.guru99Bank.qa.testcase.HomePageTest"/>
</testsuite> <!-- GURU99BANK TESTCASES -->
