<?xml version="1.0" encoding="UTF-8"?>
<!-- Generated by org.testng.reporters.JUnitXMLReporter -->
<testsuite hostname="LAPTOP-ORI8JR52" ignored="0" name="GURU99BANK TESTCASES" tests="3" failures="1" timestamp="2020-04-04T17:28:52 IST" time="66.545" errors="0">
  <testcase name="verifyUserLoginSuccessfully" time="0.013" classname="com.guru99Bank.qa.testcase.LoginPageTest"/>
  <testcase name="verifyWelcomePage" time="0.049" classname="com.guru99Bank.qa.testcase.HomePageTest"/>
  <testcase name="verifyManagerId" time="0.051" classname="com.guru99Bank.qa.testcase.HomePageTest">
    <failure type="java.lang.AssertionError" message="expected [Manger Id : mngr242402] but found [Manger Id : mngr251216]">
      <![CDATA[java.lang.AssertionError: expected [Manger Id : mngr242402] but found [Manger Id : mngr251216]
at com.guru99Bank.qa.testcase.HomePageTest.verifyManagerId(HomePageTest.java:49)
at java.util.ArrayList.forEach(Unknown Source)
... Removed 32 stack frames]]>
    </failure>
  </testcase> <!-- verifyManagerId -->
</testsuite> <!-- GURU99BANK TESTCASES -->
