<?xml version="1.0" encoding="UTF-8"?>
<testng-results ignored="3" total="4" passed="1" failed="0" skipped="0">
  <reporter-output>
  </reporter-output>
  <suite started-at="2020-01-22T17:00:05Z" name="Default suite" finished-at="2020-01-22T17:00:23Z" duration-ms="17833">
    <groups>
    </groups>
    <test started-at="2020-01-22T17:00:05Z" name="Default test" finished-at="2020-01-22T17:00:23Z" duration-ms="17833">
      <class name="com.guru99Bank.qa.testcase.NewCostumerTest">
        <test-method is-config="true" signature="setUp()[pri:0, instance:com.guru99Bank.qa.testcase.NewCostumerTest@ec756bd]" started-at="2020-01-22T22:30:05Z" name="setUp" finished-at="2020-01-22T22:30:22Z" duration-ms="16854" status="PASS">
          <reporter-output>
          </reporter-output>
        </test-method> <!-- setUp -->
        <test-method signature="verifyCostumerNameFieldLength()[pri:4, instance:com.guru99Bank.qa.testcase.NewCostumerTest@ec756bd]" started-at="2020-01-22T22:30:22Z" name="verifyCostumerNameFieldLength" finished-at="2020-01-22T22:30:22Z" duration-ms="292" status="PASS">
          <reporter-output>
          </reporter-output>
        </test-method> <!-- verifyCostumerNameFieldLength -->
        <test-method is-config="true" signature="tearDown()[pri:0, instance:com.guru99Bank.qa.testcase.NewCostumerTest@ec756bd]" started-at="2020-01-22T22:30:22Z" name="tearDown" finished-at="2020-01-22T22:30:23Z" duration-ms="665" status="PASS">
          <reporter-output>
          </reporter-output>
        </test-method> <!-- tearDown -->
      </class> <!-- com.guru99Bank.qa.testcase.NewCostumerTest -->
    </test> <!-- Default test -->
  </suite> <!-- Default suite -->
</testng-results>
