<?xml version="1.0" encoding="UTF-8"?>
<testng-results skipped="0" failed="1" ignored="0" total="3" passed="2">
  <reporter-output>
  </reporter-output>
  <suite name="GURU99BANK AUTOMATION TEST SUITE" duration-ms="66545" started-at="2020-04-04T17:27:45 IST" finished-at="2020-04-04T17:28:52 IST">
    <groups>
    </groups>
    <test name="GURU99BANK TESTCASES" duration-ms="66545" started-at="2020-04-04T17:27:45 IST" finished-at="2020-04-04T17:28:52 IST">
      <class name="com.guru99Bank.qa.testcase.HomePageTest">
        <test-method status="PASS" signature="setUp()[pri:0, instance:com.guru99Bank.qa.testcase.HomePageTest@7ad1caa2]" name="setUp" is-config="true" duration-ms="17993" started-at="2020-04-04T17:28:14 IST" finished-at="2020-04-04T17:28:32 IST">
          <reporter-output>
          </reporter-output>
        </test-method> <!-- setUp -->
        <test-method status="PASS" signature="verifyWelcomePage()[pri:1, instance:com.guru99Bank.qa.testcase.HomePageTest@7ad1caa2]" name="verifyWelcomePage" duration-ms="49" started-at="2020-04-04T17:28:32 IST" finished-at="2020-04-04T17:28:32 IST">
          <reporter-output>
          </reporter-output>
        </test-method> <!-- verifyWelcomePage -->
        <test-method status="PASS" signature="tearDown()[pri:0, instance:com.guru99Bank.qa.testcase.HomePageTest@7ad1caa2]" name="tearDown" is-config="true" duration-ms="590" started-at="2020-04-04T17:28:32 IST" finished-at="2020-04-04T17:28:33 IST">
          <reporter-output>
          </reporter-output>
        </test-method> <!-- tearDown -->
        <test-method status="PASS" signature="setUp()[pri:0, instance:com.guru99Bank.qa.testcase.HomePageTest@7ad1caa2]" name="setUp" is-config="true" duration-ms="17822" started-at="2020-04-04T17:28:33 IST" finished-at="2020-04-04T17:28:50 IST">
          <reporter-output>
          </reporter-output>
        </test-method> <!-- setUp -->
        <test-method status="FAIL" signature="verifyManagerId()[pri:2, instance:com.guru99Bank.qa.testcase.HomePageTest@7ad1caa2]" name="verifyManagerId" duration-ms="51" started-at="2020-04-04T17:28:50 IST" finished-at="2020-04-04T17:28:50 IST">
          <exception class="java.lang.AssertionError">
            <message>
              <![CDATA[expected [Manger Id : mngr242402] but found [Manger Id : mngr251216]]]>
            </message>
            <full-stacktrace>
              <![CDATA[java.lang.AssertionError: expected [Manger Id : mngr242402] but found [Manger Id : mngr251216]
at org.testng.Assert.fail(Assert.java:97)
at org.testng.Assert.assertEqualsImpl(Assert.java:136)
at org.testng.Assert.assertEquals(Assert.java:118)
at org.testng.Assert.assertEquals(Assert.java:575)
at org.testng.Assert.assertEquals(Assert.java:585)
at com.guru99Bank.qa.testcase.HomePageTest.verifyManagerId(HomePageTest.java:49)
at sun.reflect.NativeMethodAccessorImpl.invoke0(Native Method)
at sun.reflect.NativeMethodAccessorImpl.invoke(Unknown Source)
at sun.reflect.DelegatingMethodAccessorImpl.invoke(Unknown Source)
at java.lang.reflect.Method.invoke(Unknown Source)
at org.testng.internal.MethodInvocationHelper.invokeMethod(MethodInvocationHelper.java:133)
at org.testng.internal.TestInvoker.invokeMethod(TestInvoker.java:584)
at org.testng.internal.TestInvoker.invokeTestMethod(TestInvoker.java:172)
at org.testng.internal.MethodRunner.runInSequence(MethodRunner.java:46)
at org.testng.internal.TestInvoker$MethodInvocationAgent.invoke(TestInvoker.java:804)
at org.testng.internal.TestInvoker.invokeTestMethods(TestInvoker.java:145)
at org.testng.internal.TestMethodWorker.invokeTestMethods(TestMethodWorker.java:146)
at org.testng.internal.TestMethodWorker.run(TestMethodWorker.java:128)
at java.util.ArrayList.forEach(Unknown Source)
at org.testng.TestRunner.privateRun(TestRunner.java:770)
at org.testng.TestRunner.run(TestRunner.java:591)
at org.testng.SuiteRunner.runTest(SuiteRunner.java:402)
at org.testng.SuiteRunner.runSequentially(SuiteRunner.java:396)
at org.testng.SuiteRunner.privateRun(SuiteRunner.java:355)
at org.testng.SuiteRunner.run(SuiteRunner.java:304)
at org.testng.SuiteRunnerWorker.runSuite(SuiteRunnerWorker.java:53)
at org.testng.SuiteRunnerWorker.run(SuiteRunnerWorker.java:96)
at org.testng.TestNG.runSuitesSequentially(TestNG.java:1180)
at org.testng.TestNG.runSuitesLocally(TestNG.java:1102)
at org.testng.TestNG.runSuites(TestNG.java:1032)
at org.testng.TestNG.run(TestNG.java:1000)
at org.testng.remote.AbstractRemoteTestNG.run(AbstractRemoteTestNG.java:115)
at org.testng.remote.RemoteTestNG.initAndRun(RemoteTestNG.java:251)
at org.testng.remote.RemoteTestNG.main(RemoteTestNG.java:77)
]]>
            </full-stacktrace>
          </exception> <!-- java.lang.AssertionError -->
          <reporter-output>
          </reporter-output>
        </test-method> <!-- verifyManagerId -->
        <test-method status="PASS" signature="tearDown()[pri:0, instance:com.guru99Bank.qa.testcase.HomePageTest@7ad1caa2]" name="tearDown" is-config="true" duration-ms="600" started-at="2020-04-04T17:28:51 IST" finished-at="2020-04-04T17:28:52 IST">
          <reporter-output>
          </reporter-output>
        </test-method> <!-- tearDown -->
      </class> <!-- com.guru99Bank.qa.testcase.HomePageTest -->
      <class name="com.guru99Bank.qa.testcase.LoginPageTest">
        <test-method status="PASS" signature="setUp()[pri:0, instance:com.guru99Bank.qa.testcase.LoginPageTest@597f0937]" name="setUp" is-config="true" duration-ms="28338" started-at="2020-04-04T17:27:45 IST" finished-at="2020-04-04T17:28:13 IST">
          <reporter-output>
          </reporter-output>
        </test-method> <!-- setUp -->
        <test-method status="PASS" signature="verifyUserLoginSuccessfully()[pri:0, instance:com.guru99Bank.qa.testcase.LoginPageTest@597f0937]" name="verifyUserLoginSuccessfully" duration-ms="13" started-at="2020-04-04T17:28:13 IST" finished-at="2020-04-04T17:28:13 IST">
          <reporter-output>
          </reporter-output>
        </test-method> <!-- verifyUserLoginSuccessfully -->
        <test-method status="PASS" signature="tearDown()[pri:0, instance:com.guru99Bank.qa.testcase.LoginPageTest@597f0937]" name="tearDown" is-config="true" duration-ms="610" started-at="2020-04-04T17:28:13 IST" finished-at="2020-04-04T17:28:14 IST">
          <reporter-output>
          </reporter-output>
        </test-method> <!-- tearDown -->
      </class> <!-- com.guru99Bank.qa.testcase.LoginPageTest -->
    </test> <!-- GURU99BANK TESTCASES -->
  </suite> <!-- GURU99BANK AUTOMATION TEST SUITE -->
</testng-results>
